QAflisp - FLISP Absolute crossassembler, Version 1.0
(c) GMV 1989-2015


File: RunDiode.lst
FB                      1. LED:		EQU	$FB
                        2. 
FF                      3. 		org	$ff
FF 20                   4. 		fcb	$20
20                      5. 		org	$20
20 A2 10                6. 		ldsp	$10
22 09                   7. 		tsta
23 F0 01                8. InitRunDiode:	lda	#1
25 E1 FB                9. RunDiode_1:	sta	LED
27 0D                  10. 		rola
28 34 2C               11. 		jsr	Delay
2A 33 25               12. 		Jmp	RunDiode_1
                       13. 
2C 10                  14. Delay:		psha
2D 13                  15. 		pshc
2E F0 10               16. 		lda	#$10
30 08                  17. Decrease:	deca
31 09                  18. 		tsta
32 25 FC               19. 		bne	Decrease
34 17                  20. 		pulc
35 14                  21. 		pula
36 43                  22. 		rts